<?xml version="1.0" encoding="UTF-8"?>
<testsuite xmlns:xsi="http://www.w3.org/2001/XMLSchema-instance" xsi:noNamespaceSchemaLocation="https://maven.apache.org/surefire/maven-surefire-plugin/xsd/surefire-test-report.xsd" name="net.engineeringdigest.journalApp.JournalAppApplicationTests" time="10.034" tests="1" errors="0" skipped="1" failures="0">
  <properties>
[...]
</properties>
  <testcase name="contextLoads" classname="net.engineeringdigest.journalApp.JournalAppApplicationTests" time="0">
    <skipped message="void net.engineeringdigest.journalApp.JournalAppApplicationTests.contextLoads() is @Disabled"/>
    <system-out><![CDATA[24-12-24 13:48:30.159[main]INFO  o.s.b.t.c.SpringBootTestContextBootstrapper ---Neither @ContextConfiguration nor @ContextHierarchy found for test class [net.engineeringdigest.journalApp.JournalAppApplicationTests], using SpringBootContextLoader 
24-12-24 13:48:30.185[main]INFO  o.s.t.c.s.AbstractContextLoader ---Could not detect default resource locations for test class [net.engineeringdigest.journalApp.JournalAppApplicationTests]: no resource found for suffixes {-context.xml, Context.groovy}. 
24-12-24 13:48:30.189[main]INFO  o.s.t.c.s.AnnotationConfigContextLoaderUtils ---Could not detect default configuration classes for test class [net.engineeringdigest.journalApp.JournalAppApplicationTests]: JournalAppApplicationTests does not declare any static, non-private, non-final, nested classes annotated with @Configuration. 
24-12-24 13:48:30.473[main]INFO  o.s.b.t.c.SpringBootTestContextBootstrapper ---Found @SpringBootConfiguration net.engineeringdigest.journalApp.JournalApp for test class net.engineeringdigest.journalApp.JournalAppApplicationTests 
24-12-24 13:48:30.697[main]INFO  o.s.b.t.c.SpringBootTestContextBootstrapper ---Loaded default TestExecutionListener class names from location [META-INF/spring.factories]: [org.springframework.boot.test.mock.mockito.MockitoTestExecutionListener, org.springframework.boot.test.mock.mockito.ResetMocksTestExecutionListener, org.springframework.boot.test.autoconfigure.restdocs.RestDocsTestExecutionListener, org.springframework.boot.test.autoconfigure.web.client.MockRestServiceServerResetTestExecutionListener, org.springframework.boot.test.autoconfigure.web.servlet.MockMvcPrintOnlyOnFailureTestExecutionListener, org.springframework.boot.test.autoconfigure.web.servlet.WebDriverTestExecutionListener, org.springframework.boot.test.autoconfigure.webservices.client.MockWebServiceServerTestExecutionListener, org.springframework.test.context.web.ServletTestExecutionListener, org.springframework.test.context.support.DirtiesContextBeforeModesTestExecutionListener, org.springframework.test.context.event.ApplicationEventsTestExecutionListener, org.springframework.test.context.support.DependencyInjectionTestExecutionListener, org.springframework.test.context.support.DirtiesContextTestExecutionListener, org.springframework.test.context.transaction.TransactionalTestExecutionListener, org.springframework.test.context.jdbc.SqlScriptsTestExecutionListener, org.springframework.test.context.event.EventPublishingTestExecutionListener] 
24-12-24 13:48:30.740[main]INFO  o.s.b.t.c.SpringBootTestContextBootstrapper ---Using TestExecutionListeners: [org.springframework.test.context.web.ServletTestExecutionListener@11dee337, org.springframework.test.context.support.DirtiesContextBeforeModesTestExecutionListener@460f76a6, org.springframework.test.context.event.ApplicationEventsTestExecutionListener@55f3c410, org.springframework.boot.test.mock.mockito.MockitoTestExecutionListener@11acdc30, org.springframework.boot.test.autoconfigure.SpringBootDependencyInjectionTestExecutionListener@770d4269, org.springframework.test.context.support.DirtiesContextTestExecutionListener@4a8ab068, org.springframework.test.context.transaction.TransactionalTestExecutionListener@1922e6d, org.springframework.test.context.jdbc.SqlScriptsTestExecutionListener@76a82f33, org.springframework.test.context.event.EventPublishingTestExecutionListener@6bab2585, org.springframework.boot.test.mock.mockito.ResetMocksTestExecutionListener@74bdc168, org.springframework.boot.test.autoconfigure.restdocs.RestDocsTestExecutionListener@644c78d4, org.springframework.boot.test.autoconfigure.web.client.MockRestServiceServerResetTestExecutionListener@532a02d9, org.springframework.boot.test.autoconfigure.web.servlet.MockMvcPrintOnlyOnFailureTestExecutionListener@611f8234, org.springframework.boot.test.autoconfigure.web.servlet.WebDriverTestExecutionListener@7bb3a9fe, org.springframework.boot.test.autoconfigure.webservices.client.MockWebServiceServerTestExecutionListener@7cbee484] 

  .   ____          _            __ _ _
 /\\ / ___'_ __ _ _(_)_ __  __ _ \ \ \ \
( ( )\___ | '_ | '_| | '_ \/ _` | \ \ \ \
 \\/  ___)| |_)| | | | | || (_| |  ) ) ) )
  '  |____| .__|_| |_|_| |_\__, | / / / /
 =========|_|==============|___/=/_/_/_/
 :: Spring Boot ::               (v2.7.16)

24-12-24 13:48:31.607[main]INFO  n.e.j.JournalAppApplicationTests ---Starting JournalAppApplicationTests using Java 11.0.25 on Gaurav with PID 16928 (started by mannu in C:\Users\mannu\OneDrive\Desktop\Spring Boot) 
24-12-24 13:48:31.609[main]DEBUG n.e.j.JournalAppApplicationTests ---Running with Spring Boot v2.7.16, Spring v5.3.30 
24-12-24 13:48:31.609[main]INFO  n.e.j.JournalAppApplicationTests ---The following 1 profile is active: "prod" 
24-12-24 13:48:32.934[main]INFO  o.s.d.r.c.RepositoryConfigurationDelegate ---Bootstrapping Spring Data MongoDB repositories in DEFAULT mode. 
24-12-24 13:48:33.34[main]INFO  o.s.d.r.c.RepositoryConfigurationDelegate ---Finished Spring Data repository scanning in 91 ms. Found 2 MongoDB repository interfaces. 
24-12-24 13:48:34.762[main]INFO  org.mongodb.driver.client ---MongoClient with metadata {"driver": {"name": "mongo-java-driver|sync|spring-boot", "version": "4.6.1"}, "os": {"type": "Windows", "name": "Windows 11", "architecture": "amd64", "version": "10.0"}, "platform": "Java/Eclipse Adoptium/11.0.25+9"} created with settings MongoClientSettings{readPreference=primary, writeConcern=WriteConcern{w=null, wTimeout=null ms, journal=null}, retryWrites=true, retryReads=true, readConcern=ReadConcern{level=null}, credential=null, streamFactoryFactory=null, commandListeners=[], codecRegistry=ProvidersCodecRegistry{codecProviders=[ValueCodecProvider{}, BsonValueCodecProvider{}, DBRefCodecProvider{}, DBObjectCodecProvider{}, DocumentCodecProvider{}, IterableCodecProvider{}, MapCodecProvider{}, GeoJsonCodecProvider{}, GridFSFileCodecProvider{}, Jsr310CodecProvider{}, JsonObjectCodecProvider{}, BsonCodecProvider{}, EnumCodecProvider{}, com.mongodb.Jep395RecordCodecProvider@58833798]}, clusterSettings={hosts=[localhost:27017], srvServiceName=mongodb, mode=SINGLE, requiredClusterType=UNKNOWN, requiredReplicaSetName='null', serverSelector='null', clusterListeners='[]', serverSelectionTimeout='30000 ms', localThreshold='30000 ms'}, socketSettings=SocketSettings{connectTimeoutMS=10000, readTimeoutMS=0, receiveBufferSize=0, sendBufferSize=0}, heartbeatSocketSettings=SocketSettings{connectTimeoutMS=10000, readTimeoutMS=10000, receiveBufferSize=0, sendBufferSize=0}, connectionPoolSettings=ConnectionPoolSettings{maxSize=100, minSize=0, maxWaitTimeMS=120000, maxConnectionLifeTimeMS=0, maxConnectionIdleTimeMS=0, maintenanceInitialDelayMS=0, maintenanceFrequencyMS=60000, connectionPoolListeners=[], maxConnecting=2}, serverSettings=ServerSettings{heartbeatFrequencyMS=10000, minHeartbeatFrequencyMS=500, serverListeners='[]', serverMonitorListeners='[]'}, sslSettings=SslSettings{enabled=false, invalidHostNameAllowed=false, context=null}, applicationName='null', compressorList=[], uuidRepresentation=JAVA_LEGACY, serverApi=null, autoEncryptionSettings=null, contextProvider=null} 
24-12-24 13:48:34.794[cluster-ClusterId{value='676a6e5a337ce07941eca270', description='null'}-localhost:27017]INFO  org.mongodb.driver.connection ---Opened connection [connectionId{localValue:2, serverValue:11}] to localhost:27017 
24-12-24 13:48:34.794[cluster-rtt-ClusterId{value='676a6e5a337ce07941eca270', description='null'}-localhost:27017]INFO  org.mongodb.driver.connection ---Opened connection [connectionId{localValue:1, serverValue:12}] to localhost:27017 
24-12-24 13:48:34.798[cluster-ClusterId{value='676a6e5a337ce07941eca270', description='null'}-localhost:27017]INFO  org.mongodb.driver.cluster ---Monitor thread successfully connected to server with description ServerDescription{address=localhost:27017, type=STANDALONE, state=CONNECTED, ok=true, minWireVersion=0, maxWireVersion=25, maxDocumentSize=16777216, logicalSessionTimeoutMinutes=30, roundTripTimeNanos=44431900} 
24-12-24 13:48:36.161[main]INFO  o.s.s.web.DefaultSecurityFilterChain ---Will secure any request with [org.springframework.security.web.session.DisableEncodeUrlFilter@4a6a6a69, org.springframework.security.web.context.request.async.WebAsyncManagerIntegrationFilter@5d7f1e59, org.springframework.security.web.context.SecurityContextPersistenceFilter@5d829ef0, org.springframework.security.web.header.HeaderWriterFilter@63485d7, org.springframework.security.web.authentication.logout.LogoutFilter@33751d49, org.springframework.security.web.authentication.www.BasicAuthenticationFilter@3b770d07, org.springframework.security.web.savedrequest.RequestCacheAwareFilter@3120495d, org.springframework.security.web.servletapi.SecurityContextHolderAwareRequestFilter@5a3cf824, org.springframework.security.web.authentication.AnonymousAuthenticationFilter@53e93fb7, org.springframework.security.web.session.SessionManagementFilter@3b96f8b0, org.springframework.security.web.access.ExceptionTranslationFilter@44aa91e2, org.springframework.security.web.access.intercept.FilterSecurityInterceptor@45dde6ac] 
24-12-24 13:48:39.620[main]INFO  n.e.j.JournalAppApplicationTests ---Started JournalAppApplicationTests in 8.803 seconds (JVM running for 11.485) 
]]></system-out>
    <system-err><![CDATA[Dec 24, 2024 1:48:29 PM org.junit.jupiter.engine.discovery.MethodSelectorResolver resolve
WARNING: Possible configuration error: method [public void net.engineeringdigest.journalApp.service.UserServiceTests.testSaveNewUSerName(net.engineeringdigest.journalApp.entity.User)] resulted in multiple TestDescriptors [org.junit.jupiter.engine.descriptor.TestMethodTestDescriptor, org.junit.jupiter.engine.descriptor.TestTemplateTestDescriptor]. This is typically the result of annotating a method with multiple competing annotations such as @Test, @RepeatedTest, @ParameterizedTest, @TestFactory, etc.
Dec 24, 2024 1:48:29 PM org.junit.jupiter.engine.discovery.MethodSelectorResolver resolve
WARNING: Possible configuration error: method [public void net.engineeringdigest.journalApp.service.UserServiceTests.testSaveNewUSerName(net.engineeringdigest.journalApp.entity.User)] resulted in multiple TestDescriptors [org.junit.jupiter.engine.descriptor.TestTemplateTestDescriptor, org.junit.jupiter.engine.descriptor.TestMethodTestDescriptor]. This is typically the result of annotating a method with multiple competing annotations such as @Test, @RepeatedTest, @ParameterizedTest, @TestFactory, etc.
]]></system-err>
  </testcase>
</testsuite>